[2019-09-18T17:09:34.344] [ERROR] http - FetchError: request to http://i2.hdslb.com/bfs/archive/66f1ad4319950a8de9ae011090a3248cdc8023de.jpg@320w_200h.jpg failed, reason: socket hang up
    at ClientRequest.<anonymous> (F:\project\react-bilibili-master\bilibili-api\node_modules\node-fetch\lib\index.js:1444:11)
    at emitOne (events.js:116:13)
    at ClientRequest.emit (events.js:211:7)
    at Socket.socketOnEnd (_http_client.js:423:9)
    at emitNone (events.js:111:20)
    at Socket.emit (events.js:208:7)
    at endReadableNT (_stream_readable.js:1064:12)
    at _combinedTickCallback (internal/process/next_tick.js:139:11)
    at process._tickCallback (internal/process/next_tick.js:181:9)
[2019-09-18T17:09:40.953] [ERROR] http - FetchError: request to http://i2.hdslb.com/bfs/archive/b31cf7b78c92b817aefe210b94c79354967b3710.jpg@320w_200h.jpg failed, reason: connect ETIMEDOUT 113.16.212.190:80
    at ClientRequest.<anonymous> (F:\project\react-bilibili-master\bilibili-api\node_modules\node-fetch\lib\index.js:1444:11)
    at emitOne (events.js:116:13)
    at ClientRequest.emit (events.js:211:7)
    at Socket.socketErrorListener (_http_client.js:387:9)
    at emitOne (events.js:116:13)
    at Socket.emit (events.js:211:7)
    at emitErrorNT (internal/streams/destroy.js:66:8)
    at _combinedTickCallback (internal/process/next_tick.js:139:11)
    at process._tickCallback (internal/process/next_tick.js:181:9)
[2019-09-19T19:28:56.667] [ERROR] http - FetchError: request to http://i2.hdslb.com/bfs/archive/e46af018c0dfb1286a055db4718bb9acb8edf163.jpg@320w_200h.jpg failed, reason: socket hang up
    at ClientRequest.<anonymous> (F:\project\react-bilibili-master\bilibili-api\node_modules\node-fetch\lib\index.js:1444:11)
    at emitOne (events.js:116:13)
    at ClientRequest.emit (events.js:211:7)
    at Socket.socketOnEnd (_http_client.js:423:9)
    at emitNone (events.js:111:20)
    at Socket.emit (events.js:208:7)
    at endReadableNT (_stream_readable.js:1064:12)
    at _combinedTickCallback (internal/process/next_tick.js:139:11)
    at process._tickCallback (internal/process/next_tick.js:181:9)
[2019-09-19T19:36:26.870] [ERROR] http - FetchError: request to http://i0.hdslb.com/bfs/archive/f7ed006f365c80687472a41ded35a286949083b1.jpg@480w_300h.jpg failed, reason: socket hang up
    at ClientRequest.<anonymous> (F:\project\react-bilibili-master\bilibili-api\node_modules\node-fetch\lib\index.js:1444:11)
    at emitOne (events.js:116:13)
    at ClientRequest.emit (events.js:211:7)
    at Socket.socketOnEnd (_http_client.js:423:9)
    at emitNone (events.js:111:20)
    at Socket.emit (events.js:208:7)
    at endReadableNT (_stream_readable.js:1064:12)
    at _combinedTickCallback (internal/process/next_tick.js:139:11)
    at process._tickCallback (internal/process/next_tick.js:181:9)
[2019-09-19T19:36:37.512] [ERROR] http - FetchError: request to http://i0.hdslb.com/bfs/archive/7dfd667ab92de840b00bdcdd98d381fecc56c762.jpg@320w_200h.jpg failed, reason: connect ETIMEDOUT 113.16.212.190:80
    at ClientRequest.<anonymous> (F:\project\react-bilibili-master\bilibili-api\node_modules\node-fetch\lib\index.js:1444:11)
    at emitOne (events.js:116:13)
    at ClientRequest.emit (events.js:211:7)
    at Socket.socketErrorListener (_http_client.js:387:9)
    at emitOne (events.js:116:13)
    at Socket.emit (events.js:211:7)
    at emitErrorNT (internal/streams/destroy.js:66:8)
    at _combinedTickCallback (internal/process/next_tick.js:139:11)
    at process._tickCallback (internal/process/next_tick.js:181:9)
[2019-09-19T19:40:36.044] [ERROR] http - FetchError: request to http://i0.hdslb.com/bfs/archive/f7ed006f365c80687472a41ded35a286949083b1.jpg@480w_300h.jpg failed, reason: connect ETIMEDOUT 113.16.212.252:80
    at ClientRequest.<anonymous> (F:\project\react-bilibili-master\bilibili-api\node_modules\node-fetch\lib\index.js:1444:11)
    at emitOne (events.js:116:13)
    at ClientRequest.emit (events.js:211:7)
    at Socket.socketErrorListener (_http_client.js:387:9)
    at emitOne (events.js:116:13)
    at Socket.emit (events.js:211:7)
    at emitErrorNT (internal/streams/destroy.js:66:8)
    at _combinedTickCallback (internal/process/next_tick.js:139:11)
    at process._tickCallback (internal/process/next_tick.js:181:9)
[2019-09-19T19:40:43.782] [ERROR] http - FetchError: request to http://i0.hdslb.com/bfs/archive/f7ed006f365c80687472a41ded35a286949083b1.jpg@480w_300h.jpg failed, reason: socket hang up
    at ClientRequest.<anonymous> (F:\project\react-bilibili-master\bilibili-api\node_modules\node-fetch\lib\index.js:1444:11)
    at emitOne (events.js:116:13)
    at ClientRequest.emit (events.js:211:7)
    at Socket.socketOnEnd (_http_client.js:423:9)
    at emitNone (events.js:111:20)
    at Socket.emit (events.js:208:7)
    at endReadableNT (_stream_readable.js:1064:12)
    at _combinedTickCallback (internal/process/next_tick.js:139:11)
    at process._tickCallback (internal/process/next_tick.js:181:9)
[2019-09-19T19:40:47.564] [ERROR] http - FetchError: request to http://i0.hdslb.com/bfs/archive/81d0f240d2ac1eb12596c33ab081134aeeed8375.jpg@480w_300h.jpg failed, reason: connect ETIMEDOUT 113.16.212.252:80
    at ClientRequest.<anonymous> (F:\project\react-bilibili-master\bilibili-api\node_modules\node-fetch\lib\index.js:1444:11)
    at emitOne (events.js:116:13)
    at ClientRequest.emit (events.js:211:7)
    at Socket.socketErrorListener (_http_client.js:387:9)
    at emitOne (events.js:116:13)
    at Socket.emit (events.js:211:7)
    at emitErrorNT (internal/streams/destroy.js:66:8)
    at _combinedTickCallback (internal/process/next_tick.js:139:11)
    at process._tickCallback (internal/process/next_tick.js:181:9)
[2019-09-19T19:49:20.900] [ERROR] http - FetchError: request to http://i2.hdslb.com/bfs/archive/2c8ae75cccf237e905197915f7f69e6e8bbd6332.png@320w_200h.jpg failed, reason: socket hang up
    at ClientRequest.<anonymous> (G:\project\react\react_videos\bilibili-api\node_modules\node-fetch\lib\index.js:1444:11)
    at emitOne (events.js:116:13)
    at ClientRequest.emit (events.js:211:7)
    at Socket.socketOnEnd (_http_client.js:423:9)
    at emitNone (events.js:111:20)
    at Socket.emit (events.js:208:7)
    at endReadableNT (_stream_readable.js:1064:12)
    at _combinedTickCallback (internal/process/next_tick.js:139:11)
    at process._tickCallback (internal/process/next_tick.js:181:9)
[2019-09-19T19:49:29.355] [ERROR] http - FetchError: request to http://i0.hdslb.com/bfs/archive/81d0f240d2ac1eb12596c33ab081134aeeed8375.jpg@480w_300h.jpg failed, reason: socket hang up
    at ClientRequest.<anonymous> (G:\project\react\react_videos\bilibili-api\node_modules\node-fetch\lib\index.js:1444:11)
    at emitOne (events.js:116:13)
    at ClientRequest.emit (events.js:211:7)
    at Socket.socketOnEnd (_http_client.js:423:9)
    at emitNone (events.js:111:20)
    at Socket.emit (events.js:208:7)
    at endReadableNT (_stream_readable.js:1064:12)
    at _combinedTickCallback (internal/process/next_tick.js:139:11)
    at process._tickCallback (internal/process/next_tick.js:181:9)
[2019-09-19T19:49:30.140] [ERROR] http - FetchError: request to http://i2.hdslb.com/bfs/archive/ce451a6cc25bf66ca1f1410b32d888c5963831a4.jpg@320w_200h.jpg failed, reason: socket hang up
    at ClientRequest.<anonymous> (G:\project\react\react_videos\bilibili-api\node_modules\node-fetch\lib\index.js:1444:11)
    at emitOne (events.js:116:13)
    at ClientRequest.emit (events.js:211:7)
    at Socket.socketOnEnd (_http_client.js:423:9)
    at emitNone (events.js:111:20)
    at Socket.emit (events.js:208:7)
    at endReadableNT (_stream_readable.js:1064:12)
    at _combinedTickCallback (internal/process/next_tick.js:139:11)
    at process._tickCallback (internal/process/next_tick.js:181:9)
[2019-09-19T19:49:30.218] [ERROR] http - FetchError: request to http://i0.hdslb.com/bfs/archive/7dfd667ab92de840b00bdcdd98d381fecc56c762.jpg@320w_200h.jpg failed, reason: socket hang up
    at ClientRequest.<anonymous> (G:\project\react\react_videos\bilibili-api\node_modules\node-fetch\lib\index.js:1444:11)
    at emitOne (events.js:116:13)
    at ClientRequest.emit (events.js:211:7)
    at Socket.socketOnEnd (_http_client.js:423:9)
    at emitNone (events.js:111:20)
    at Socket.emit (events.js:208:7)
    at endReadableNT (_stream_readable.js:1064:12)
    at _combinedTickCallback (internal/process/next_tick.js:139:11)
    at process._tickCallback (internal/process/next_tick.js:181:9)
[2019-09-19T19:49:30.873] [ERROR] http - FetchError: request to http://i2.hdslb.com/bfs/archive/ce451a6cc25bf66ca1f1410b32d888c5963831a4.jpg@320w_200h.jpg failed, reason: connect ETIMEDOUT 113.16.212.252:80
    at ClientRequest.<anonymous> (G:\project\react\react_videos\bilibili-api\node_modules\node-fetch\lib\index.js:1444:11)
    at emitOne (events.js:116:13)
    at ClientRequest.emit (events.js:211:7)
    at Socket.socketErrorListener (_http_client.js:387:9)
    at emitOne (events.js:116:13)
    at Socket.emit (events.js:211:7)
    at emitErrorNT (internal/streams/destroy.js:66:8)
    at _combinedTickCallback (internal/process/next_tick.js:139:11)
    at process._tickCallback (internal/process/next_tick.js:181:9)
[2019-09-19T19:49:30.942] [ERROR] http - FetchError: request to http://i0.hdslb.com/bfs/archive/7dfd667ab92de840b00bdcdd98d381fecc56c762.jpg@320w_200h.jpg failed, reason: connect ETIMEDOUT 113.16.212.190:80
    at ClientRequest.<anonymous> (G:\project\react\react_videos\bilibili-api\node_modules\node-fetch\lib\index.js:1444:11)
    at emitOne (events.js:116:13)
    at ClientRequest.emit (events.js:211:7)
    at Socket.socketErrorListener (_http_client.js:387:9)
    at emitOne (events.js:116:13)
    at Socket.emit (events.js:211:7)
    at emitErrorNT (internal/streams/destroy.js:66:8)
    at _combinedTickCallback (internal/process/next_tick.js:139:11)
    at process._tickCallback (internal/process/next_tick.js:181:9)
[2019-09-19T19:49:40.059] [ERROR] http - FetchError: request to http://i1.hdslb.com/bfs/archive/b40638a3783b385f5fc1ac577b8462c8535cb86d.jpg@320w_200h.jpg failed, reason: connect ETIMEDOUT 113.16.212.252:80
    at ClientRequest.<anonymous> (G:\project\react\react_videos\bilibili-api\node_modules\node-fetch\lib\index.js:1444:11)
    at emitOne (events.js:116:13)
    at ClientRequest.emit (events.js:211:7)
    at Socket.socketErrorListener (_http_client.js:387:9)
    at emitOne (events.js:116:13)
    at Socket.emit (events.js:211:7)
    at emitErrorNT (internal/streams/destroy.js:66:8)
    at _combinedTickCallback (internal/process/next_tick.js:139:11)
    at process._tickCallback (internal/process/next_tick.js:181:9)
